CRITICAL - 2022-04-17 00:15:21 --> Call to undefined method App\Models\AntrianModel::tabel
#0 C:\laragon\www\bpcindaga\app\Models\AntrianModel.php(14): CodeIgniter\Model->__call('tabel', Array)
#1 C:\laragon\www\bpcindaga\app\Controllers\Registration.php(22): App\Models\AntrianModel->search('pandu')
#2 C:\laragon\www\bpcindaga\vendor\codeigniter4\framework\system\CodeIgniter.php(832): App\Controllers\Registration->index()
#3 C:\laragon\www\bpcindaga\vendor\codeigniter4\framework\system\CodeIgniter.php(419): CodeIgniter\CodeIgniter->runController(Object(App\Controllers\Registration))
#4 C:\laragon\www\bpcindaga\vendor\codeigniter4\framework\system\CodeIgniter.php(326): CodeIgniter\CodeIgniter->handleRequest(NULL, Object(Config\Cache), false)
#5 C:\laragon\www\bpcindaga\public\index.php(37): CodeIgniter\CodeIgniter->run()
#6 C:\laragon\www\bpcindaga\vendor\codeigniter4\framework\system\Commands\Server\rewrite.php(43): require_once('C:\\laragon\\www\\...')
#7 {main}
ERROR - 2022-04-17 00:15:53 --> Unknown column 'nama' in 'where clause'
CRITICAL - 2022-04-17 00:15:53 --> Unknown column 'nama' in 'where clause'
#0 C:\laragon\www\bpcindaga\vendor\codeigniter4\framework\system\Database\MySQLi\Connection.php(292): mysqli->query('SELECT COUNT(*)...', 0)
#1 C:\laragon\www\bpcindaga\vendor\codeigniter4\framework\system\Database\BaseConnection.php(670): CodeIgniter\Database\MySQLi\Connection->execute('SELECT COUNT(*)...')
#2 C:\laragon\www\bpcindaga\vendor\codeigniter4\framework\system\Database\BaseConnection.php(598): CodeIgniter\Database\BaseConnection->simpleQuery('SELECT COUNT(*)...')
#3 C:\laragon\www\bpcindaga\vendor\codeigniter4\framework\system\Database\BaseBuilder.php(1539): CodeIgniter\Database\BaseConnection->query('SELECT COUNT(*)...', Array, false)
#4 C:\laragon\www\bpcindaga\vendor\codeigniter4\framework\system\Model.php(509): CodeIgniter\Database\BaseBuilder->countAllResults(false)
#5 C:\laragon\www\bpcindaga\vendor\codeigniter4\framework\system\BaseModel.php(1084): CodeIgniter\Model->countAllResults(false)
#6 C:\laragon\www\bpcindaga\app\Controllers\Registration.php(30): CodeIgniter\BaseModel->paginate(5, 'antrian')
#7 C:\laragon\www\bpcindaga\vendor\codeigniter4\framework\system\CodeIgniter.php(832): App\Controllers\Registration->index()
#8 C:\laragon\www\bpcindaga\vendor\codeigniter4\framework\system\CodeIgniter.php(419): CodeIgniter\CodeIgniter->runController(Object(App\Controllers\Registration))
#9 C:\laragon\www\bpcindaga\vendor\codeigniter4\framework\system\CodeIgniter.php(326): CodeIgniter\CodeIgniter->handleRequest(NULL, Object(Config\Cache), false)
#10 C:\laragon\www\bpcindaga\public\index.php(37): CodeIgniter\CodeIgniter->run()
#11 C:\laragon\www\bpcindaga\vendor\codeigniter4\framework\system\Commands\Server\rewrite.php(43): require_once('C:\\laragon\\www\\...')
#12 {main}
ERROR - 2022-04-17 00:16:21 --> Unknown column 'nama' in 'where clause'
CRITICAL - 2022-04-17 00:16:21 --> Unknown column 'nama' in 'where clause'
#0 C:\laragon\www\bpcindaga\vendor\codeigniter4\framework\system\Database\MySQLi\Connection.php(292): mysqli->query('SELECT COUNT(*)...', 0)
#1 C:\laragon\www\bpcindaga\vendor\codeigniter4\framework\system\Database\BaseConnection.php(670): CodeIgniter\Database\MySQLi\Connection->execute('SELECT COUNT(*)...')
#2 C:\laragon\www\bpcindaga\vendor\codeigniter4\framework\system\Database\BaseConnection.php(598): CodeIgniter\Database\BaseConnection->simpleQuery('SELECT COUNT(*)...')
#3 C:\laragon\www\bpcindaga\vendor\codeigniter4\framework\system\Database\BaseBuilder.php(1539): CodeIgniter\Database\BaseConnection->query('SELECT COUNT(*)...', Array, false)
#4 C:\laragon\www\bpcindaga\vendor\codeigniter4\framework\system\Model.php(509): CodeIgniter\Database\BaseBuilder->countAllResults(false)
#5 C:\laragon\www\bpcindaga\vendor\codeigniter4\framework\system\BaseModel.php(1084): CodeIgniter\Model->countAllResults(false)
#6 C:\laragon\www\bpcindaga\app\Controllers\Registration.php(30): CodeIgniter\BaseModel->paginate(5, 'antrian')
#7 C:\laragon\www\bpcindaga\vendor\codeigniter4\framework\system\CodeIgniter.php(832): App\Controllers\Registration->index()
#8 C:\laragon\www\bpcindaga\vendor\codeigniter4\framework\system\CodeIgniter.php(419): CodeIgniter\CodeIgniter->runController(Object(App\Controllers\Registration))
#9 C:\laragon\www\bpcindaga\vendor\codeigniter4\framework\system\CodeIgniter.php(326): CodeIgniter\CodeIgniter->handleRequest(NULL, Object(Config\Cache), false)
#10 C:\laragon\www\bpcindaga\public\index.php(37): CodeIgniter\CodeIgniter->run()
#11 C:\laragon\www\bpcindaga\vendor\codeigniter4\framework\system\Commands\Server\rewrite.php(43): require_once('C:\\laragon\\www\\...')
#12 {main}
ERROR - 2022-04-17 01:43:22 --> Table 'bpcindagadb.antrian' doesn't exist
CRITICAL - 2022-04-17 01:43:22 --> Table 'bpcindagadb.antrian' doesn't exist
#0 C:\laragon\www\bpcindaga\vendor\codeigniter4\framework\system\Database\MySQLi\Connection.php(292): mysqli->query('SELECT COUNT(*)...', 0)
#1 C:\laragon\www\bpcindaga\vendor\codeigniter4\framework\system\Database\BaseConnection.php(670): CodeIgniter\Database\MySQLi\Connection->execute('SELECT COUNT(*)...')
#2 C:\laragon\www\bpcindaga\vendor\codeigniter4\framework\system\Database\BaseConnection.php(598): CodeIgniter\Database\BaseConnection->simpleQuery('SELECT COUNT(*)...')
#3 C:\laragon\www\bpcindaga\vendor\codeigniter4\framework\system\Database\BaseBuilder.php(1539): CodeIgniter\Database\BaseConnection->query('SELECT COUNT(*)...', Array, false)
#4 C:\laragon\www\bpcindaga\vendor\codeigniter4\framework\system\Model.php(509): CodeIgniter\Database\BaseBuilder->countAllResults(false)
#5 C:\laragon\www\bpcindaga\vendor\codeigniter4\framework\system\BaseModel.php(1084): CodeIgniter\Model->countAllResults(false)
#6 C:\laragon\www\bpcindaga\app\Controllers\Registration.php(30): CodeIgniter\BaseModel->paginate(5, 'antrian')
#7 C:\laragon\www\bpcindaga\vendor\codeigniter4\framework\system\CodeIgniter.php(832): App\Controllers\Registration->index()
#8 C:\laragon\www\bpcindaga\vendor\codeigniter4\framework\system\CodeIgniter.php(419): CodeIgniter\CodeIgniter->runController(Object(App\Controllers\Registration))
#9 C:\laragon\www\bpcindaga\vendor\codeigniter4\framework\system\CodeIgniter.php(326): CodeIgniter\CodeIgniter->handleRequest(NULL, Object(Config\Cache), false)
#10 C:\laragon\www\bpcindaga\public\index.php(37): CodeIgniter\CodeIgniter->run()
#11 C:\laragon\www\bpcindaga\vendor\codeigniter4\framework\system\Commands\Server\rewrite.php(43): require_once('C:\\laragon\\www\\...')
#12 {main}
ERROR - 2022-04-17 01:44:00 --> Table 'bpcindagadb.antrian' doesn't exist
CRITICAL - 2022-04-17 01:44:00 --> Table 'bpcindagadb.antrian' doesn't exist
#0 C:\laragon\www\bpcindaga\vendor\codeigniter4\framework\system\Database\MySQLi\Connection.php(292): mysqli->query('SELECT COUNT(*)...', 0)
#1 C:\laragon\www\bpcindaga\vendor\codeigniter4\framework\system\Database\BaseConnection.php(670): CodeIgniter\Database\MySQLi\Connection->execute('SELECT COUNT(*)...')
#2 C:\laragon\www\bpcindaga\vendor\codeigniter4\framework\system\Database\BaseConnection.php(598): CodeIgniter\Database\BaseConnection->simpleQuery('SELECT COUNT(*)...')
#3 C:\laragon\www\bpcindaga\vendor\codeigniter4\framework\system\Database\BaseBuilder.php(1539): CodeIgniter\Database\BaseConnection->query('SELECT COUNT(*)...', Array, false)
#4 C:\laragon\www\bpcindaga\vendor\codeigniter4\framework\system\Model.php(509): CodeIgniter\Database\BaseBuilder->countAllResults(false)
#5 C:\laragon\www\bpcindaga\vendor\codeigniter4\framework\system\BaseModel.php(1084): CodeIgniter\Model->countAllResults(false)
#6 C:\laragon\www\bpcindaga\app\Controllers\Registration.php(30): CodeIgniter\BaseModel->paginate(5, 'antrian')
#7 C:\laragon\www\bpcindaga\vendor\codeigniter4\framework\system\CodeIgniter.php(832): App\Controllers\Registration->index()
#8 C:\laragon\www\bpcindaga\vendor\codeigniter4\framework\system\CodeIgniter.php(419): CodeIgniter\CodeIgniter->runController(Object(App\Controllers\Registration))
#9 C:\laragon\www\bpcindaga\vendor\codeigniter4\framework\system\CodeIgniter.php(326): CodeIgniter\CodeIgniter->handleRequest(NULL, Object(Config\Cache), false)
#10 C:\laragon\www\bpcindaga\public\index.php(37): CodeIgniter\CodeIgniter->run()
#11 C:\laragon\www\bpcindaga\vendor\codeigniter4\framework\system\Commands\Server\rewrite.php(43): require_once('C:\\laragon\\www\\...')
#12 {main}
ERROR - 2022-04-17 01:55:46 --> Unknown column 'no_rekam_medis' in 'field list'
CRITICAL - 2022-04-17 01:56:43 --> Undefined index: no_rekam_medis
#0 C:\laragon\www\bpcindaga\app\Views\registration\home.php(64): CodeIgniter\Debug\Exceptions->errorHandler(8, 'Undefined index...', 'C:\\laragon\\www\\...', 64, Array)
#1 C:\laragon\www\bpcindaga\vendor\codeigniter4\framework\system\View\View.php(210): include('C:\\laragon\\www\\...')
#2 C:\laragon\www\bpcindaga\vendor\codeigniter4\framework\system\View\View.php(213): CodeIgniter\View\View->CodeIgniter\View\{closure}()
#3 C:\laragon\www\bpcindaga\vendor\codeigniter4\framework\system\Common.php(1089): CodeIgniter\View\View->render('registration/ho...', Array, true)
#4 C:\laragon\www\bpcindaga\app\Controllers\Registration.php(35): view('registration/ho...', Array)
#5 C:\laragon\www\bpcindaga\vendor\codeigniter4\framework\system\CodeIgniter.php(832): App\Controllers\Registration->index()
#6 C:\laragon\www\bpcindaga\vendor\codeigniter4\framework\system\CodeIgniter.php(419): CodeIgniter\CodeIgniter->runController(Object(App\Controllers\Registration))
#7 C:\laragon\www\bpcindaga\vendor\codeigniter4\framework\system\CodeIgniter.php(326): CodeIgniter\CodeIgniter->handleRequest(NULL, Object(Config\Cache), false)
#8 C:\laragon\www\bpcindaga\public\index.php(37): CodeIgniter\CodeIgniter->run()
#9 C:\laragon\www\bpcindaga\vendor\codeigniter4\framework\system\Commands\Server\rewrite.php(43): require_once('C:\\laragon\\www\\...')
#10 {main}
ERROR - 2022-04-17 03:04:24 --> Error connecting to the database: Class 'SQLite3' not found
CRITICAL - 2022-04-17 03:24:47 --> Class name must be a valid object or a string
#0 C:\laragon\www\bpcindaga\vendor\codeigniter4\framework\system\Config\BaseService.php(248): Myth\Auth\Config\Services::activator(Object(Myth\Auth\Config\Auth), false)
#1 C:\laragon\www\bpcindaga\vendor\codeigniter4\framework\system\Config\BaseService.php(189): CodeIgniter\Config\BaseService::__callStatic('activator', Array)
#2 C:\laragon\www\bpcindaga\vendor\myth\auth\src\Config\Services.php(86): CodeIgniter\Config\BaseService::getSharedInstance('activator', NULL)
#3 C:\laragon\www\bpcindaga\vendor\codeigniter4\framework\system\Config\BaseService.php(248): Myth\Auth\Config\Services::activator()
#4 C:\laragon\www\bpcindaga\vendor\codeigniter4\framework\system\Common.php(929): CodeIgniter\Config\BaseService::__callStatic('activator', Array)
#5 C:\laragon\www\bpcindaga\vendor\myth\auth\src\Controllers\AuthController.php(195): service('activator')
#6 C:\laragon\www\bpcindaga\vendor\codeigniter4\framework\system\CodeIgniter.php(832): Myth\Auth\Controllers\AuthController->attemptRegister()
#7 C:\laragon\www\bpcindaga\vendor\codeigniter4\framework\system\CodeIgniter.php(419): CodeIgniter\CodeIgniter->runController(Object(Myth\Auth\Controllers\AuthController))
#8 C:\laragon\www\bpcindaga\vendor\codeigniter4\framework\system\CodeIgniter.php(326): CodeIgniter\CodeIgniter->handleRequest(NULL, Object(Config\Cache), false)
#9 C:\laragon\www\bpcindaga\public\index.php(37): CodeIgniter\CodeIgniter->run()
#10 C:\laragon\www\bpcindaga\vendor\codeigniter4\framework\system\Commands\Server\rewrite.php(43): require_once('C:\\laragon\\www\\...')
#11 {main}
CRITICAL - 2022-04-17 03:31:24 --> Class name must be a valid object or a string
#0 C:\laragon\www\bpcindaga\vendor\codeigniter4\framework\system\Config\BaseService.php(248): Myth\Auth\Config\Services::activator(Object(Myth\Auth\Config\Auth), false)
#1 C:\laragon\www\bpcindaga\vendor\codeigniter4\framework\system\Config\BaseService.php(189): CodeIgniter\Config\BaseService::__callStatic('activator', Array)
#2 C:\laragon\www\bpcindaga\vendor\myth\auth\src\Config\Services.php(86): CodeIgniter\Config\BaseService::getSharedInstance('activator', NULL)
#3 C:\laragon\www\bpcindaga\vendor\codeigniter4\framework\system\Config\BaseService.php(248): Myth\Auth\Config\Services::activator()
#4 C:\laragon\www\bpcindaga\vendor\codeigniter4\framework\system\Common.php(929): CodeIgniter\Config\BaseService::__callStatic('activator', Array)
#5 C:\laragon\www\bpcindaga\vendor\myth\auth\src\Controllers\AuthController.php(195): service('activator')
#6 C:\laragon\www\bpcindaga\vendor\codeigniter4\framework\system\CodeIgniter.php(832): Myth\Auth\Controllers\AuthController->attemptRegister()
#7 C:\laragon\www\bpcindaga\vendor\codeigniter4\framework\system\CodeIgniter.php(419): CodeIgniter\CodeIgniter->runController(Object(Myth\Auth\Controllers\AuthController))
#8 C:\laragon\www\bpcindaga\vendor\codeigniter4\framework\system\CodeIgniter.php(326): CodeIgniter\CodeIgniter->handleRequest(NULL, Object(Config\Cache), false)
#9 C:\laragon\www\bpcindaga\public\index.php(37): CodeIgniter\CodeIgniter->run()
#10 C:\laragon\www\bpcindaga\vendor\codeigniter4\framework\system\Commands\Server\rewrite.php(43): require_once('C:\\laragon\\www\\...')
#11 {main}
CRITICAL - 2022-04-17 08:35:54 --> Class name must be a valid object or a string
#0 C:\laragon\www\bpcindaga\vendor\codeigniter4\framework\system\Config\BaseService.php(248): Myth\Auth\Config\Services::activator(Object(Myth\Auth\Config\Auth), false)
#1 C:\laragon\www\bpcindaga\vendor\codeigniter4\framework\system\Config\BaseService.php(189): CodeIgniter\Config\BaseService::__callStatic('activator', Array)
#2 C:\laragon\www\bpcindaga\vendor\myth\auth\src\Config\Services.php(86): CodeIgniter\Config\BaseService::getSharedInstance('activator', NULL)
#3 C:\laragon\www\bpcindaga\vendor\codeigniter4\framework\system\Config\BaseService.php(248): Myth\Auth\Config\Services::activator()
#4 C:\laragon\www\bpcindaga\vendor\codeigniter4\framework\system\Common.php(929): CodeIgniter\Config\BaseService::__callStatic('activator', Array)
#5 C:\laragon\www\bpcindaga\vendor\myth\auth\src\Controllers\AuthController.php(195): service('activator')
#6 C:\laragon\www\bpcindaga\vendor\codeigniter4\framework\system\CodeIgniter.php(832): Myth\Auth\Controllers\AuthController->attemptRegister()
#7 C:\laragon\www\bpcindaga\vendor\codeigniter4\framework\system\CodeIgniter.php(419): CodeIgniter\CodeIgniter->runController(Object(Myth\Auth\Controllers\AuthController))
#8 C:\laragon\www\bpcindaga\vendor\codeigniter4\framework\system\CodeIgniter.php(326): CodeIgniter\CodeIgniter->handleRequest(NULL, Object(Config\Cache), false)
#9 C:\laragon\www\bpcindaga\public\index.php(37): CodeIgniter\CodeIgniter->run()
#10 C:\laragon\www\bpcindaga\vendor\codeigniter4\framework\system\Commands\Server\rewrite.php(43): require_once('C:\\laragon\\www\\...')
#11 {main}
