CRITICAL - 2022-04-16 01:39:28 --> Invalid file: page/home.php
#0 C:\laragon\www\bpcindaga\vendor\codeigniter4\framework\system\View\View.php(198): CodeIgniter\Exceptions\FrameworkException::forInvalidFile('page/home.php')
#1 C:\laragon\www\bpcindaga\vendor\codeigniter4\framework\system\Common.php(1089): CodeIgniter\View\View->render('page/home', Array, true)
#2 C:\laragon\www\bpcindaga\app\Controllers\TesPage.php(9): view('page/home')
#3 C:\laragon\www\bpcindaga\vendor\codeigniter4\framework\system\CodeIgniter.php(832): App\Controllers\TesPage->index()
#4 C:\laragon\www\bpcindaga\vendor\codeigniter4\framework\system\CodeIgniter.php(419): CodeIgniter\CodeIgniter->runController(Object(App\Controllers\TesPage))
#5 C:\laragon\www\bpcindaga\vendor\codeigniter4\framework\system\CodeIgniter.php(326): CodeIgniter\CodeIgniter->handleRequest(NULL, Object(Config\Cache), false)
#6 C:\laragon\www\bpcindaga\public\index.php(37): CodeIgniter\CodeIgniter->run()
#7 C:\laragon\www\bpcindaga\vendor\codeigniter4\framework\system\Commands\Server\rewrite.php(43): require_once('C:\\laragon\\www\\...')
#8 {main}
CRITICAL - 2022-04-16 02:37:49 --> Invalid file: registration/layout/template.php
#0 C:\laragon\www\bpcindaga\vendor\codeigniter4\framework\system\View\View.php(198): CodeIgniter\Exceptions\FrameworkException::forInvalidFile('registration/la...')
#1 C:\laragon\www\bpcindaga\vendor\codeigniter4\framework\system\View\View.php(226): CodeIgniter\View\View->render('registration/la...', Array, true)
#2 C:\laragon\www\bpcindaga\vendor\codeigniter4\framework\system\Common.php(1089): CodeIgniter\View\View->render('pages/registrat...', Array, true)
#3 C:\laragon\www\bpcindaga\app\Controllers\Registration.php(9): view('pages/registrat...')
#4 C:\laragon\www\bpcindaga\vendor\codeigniter4\framework\system\CodeIgniter.php(832): App\Controllers\Registration->index()
#5 C:\laragon\www\bpcindaga\vendor\codeigniter4\framework\system\CodeIgniter.php(419): CodeIgniter\CodeIgniter->runController(Object(App\Controllers\Registration))
#6 C:\laragon\www\bpcindaga\vendor\codeigniter4\framework\system\CodeIgniter.php(326): CodeIgniter\CodeIgniter->handleRequest(NULL, Object(Config\Cache), false)
#7 C:\laragon\www\bpcindaga\public\index.php(37): CodeIgniter\CodeIgniter->run()
#8 C:\laragon\www\bpcindaga\vendor\codeigniter4\framework\system\Commands\Server\rewrite.php(43): require_once('C:\\laragon\\www\\...')
#9 {main}
CRITICAL - 2022-04-16 02:38:20 --> Invalid file: /registration/layout/template.php
#0 C:\laragon\www\bpcindaga\vendor\codeigniter4\framework\system\View\View.php(198): CodeIgniter\Exceptions\FrameworkException::forInvalidFile('/registration/l...')
#1 C:\laragon\www\bpcindaga\vendor\codeigniter4\framework\system\View\View.php(226): CodeIgniter\View\View->render('/registration/l...', Array, true)
#2 C:\laragon\www\bpcindaga\vendor\codeigniter4\framework\system\Common.php(1089): CodeIgniter\View\View->render('pages/registrat...', Array, true)
#3 C:\laragon\www\bpcindaga\app\Controllers\Registration.php(9): view('pages/registrat...')
#4 C:\laragon\www\bpcindaga\vendor\codeigniter4\framework\system\CodeIgniter.php(832): App\Controllers\Registration->index()
#5 C:\laragon\www\bpcindaga\vendor\codeigniter4\framework\system\CodeIgniter.php(419): CodeIgniter\CodeIgniter->runController(Object(App\Controllers\Registration))
#6 C:\laragon\www\bpcindaga\vendor\codeigniter4\framework\system\CodeIgniter.php(326): CodeIgniter\CodeIgniter->handleRequest(NULL, Object(Config\Cache), false)
#7 C:\laragon\www\bpcindaga\public\index.php(37): CodeIgniter\CodeIgniter->run()
#8 C:\laragon\www\bpcindaga\vendor\codeigniter4\framework\system\Commands\Server\rewrite.php(43): require_once('C:\\laragon\\www\\...')
#9 {main}
CRITICAL - 2022-04-16 02:38:31 --> Invalid file: registration/layout/template.php
#0 C:\laragon\www\bpcindaga\vendor\codeigniter4\framework\system\View\View.php(198): CodeIgniter\Exceptions\FrameworkException::forInvalidFile('registration/la...')
#1 C:\laragon\www\bpcindaga\vendor\codeigniter4\framework\system\View\View.php(226): CodeIgniter\View\View->render('registration/la...', Array, true)
#2 C:\laragon\www\bpcindaga\vendor\codeigniter4\framework\system\Common.php(1089): CodeIgniter\View\View->render('pages/registrat...', Array, true)
#3 C:\laragon\www\bpcindaga\app\Controllers\Registration.php(9): view('pages/registrat...')
#4 C:\laragon\www\bpcindaga\vendor\codeigniter4\framework\system\CodeIgniter.php(832): App\Controllers\Registration->index()
#5 C:\laragon\www\bpcindaga\vendor\codeigniter4\framework\system\CodeIgniter.php(419): CodeIgniter\CodeIgniter->runController(Object(App\Controllers\Registration))
#6 C:\laragon\www\bpcindaga\vendor\codeigniter4\framework\system\CodeIgniter.php(326): CodeIgniter\CodeIgniter->handleRequest(NULL, Object(Config\Cache), false)
#7 C:\laragon\www\bpcindaga\public\index.php(37): CodeIgniter\CodeIgniter->run()
#8 C:\laragon\www\bpcindaga\vendor\codeigniter4\framework\system\Commands\Server\rewrite.php(43): require_once('C:\\laragon\\www\\...')
#9 {main}
CRITICAL - 2022-04-16 02:47:24 --> Invalid file: pages/registration/layout/template.php
#0 C:\laragon\www\bpcindaga\vendor\codeigniter4\framework\system\View\View.php(198): CodeIgniter\Exceptions\FrameworkException::forInvalidFile('pages/registrat...')
#1 C:\laragon\www\bpcindaga\vendor\codeigniter4\framework\system\View\View.php(226): CodeIgniter\View\View->render('pages/registrat...', Array, true)
#2 C:\laragon\www\bpcindaga\vendor\codeigniter4\framework\system\Common.php(1089): CodeIgniter\View\View->render('pages/registrat...', Array, true)
#3 C:\laragon\www\bpcindaga\app\Controllers\Registration.php(9): view('pages/registrat...')
#4 C:\laragon\www\bpcindaga\vendor\codeigniter4\framework\system\CodeIgniter.php(832): App\Controllers\Registration->index()
#5 C:\laragon\www\bpcindaga\vendor\codeigniter4\framework\system\CodeIgniter.php(419): CodeIgniter\CodeIgniter->runController(Object(App\Controllers\Registration))
#6 C:\laragon\www\bpcindaga\vendor\codeigniter4\framework\system\CodeIgniter.php(326): CodeIgniter\CodeIgniter->handleRequest(NULL, Object(Config\Cache), false)
#7 C:\laragon\www\bpcindaga\public\index.php(37): CodeIgniter\CodeIgniter->run()
#8 C:\laragon\www\bpcindaga\vendor\codeigniter4\framework\system\Commands\Server\rewrite.php(43): require_once('C:\\laragon\\www\\...')
#9 {main}
CRITICAL - 2022-04-16 02:53:03 --> Invalid file: pages/registration/layout/template.php
#0 C:\laragon\www\bpcindaga\vendor\codeigniter4\framework\system\View\View.php(198): CodeIgniter\Exceptions\FrameworkException::forInvalidFile('pages/registrat...')
#1 C:\laragon\www\bpcindaga\vendor\codeigniter4\framework\system\View\View.php(226): CodeIgniter\View\View->render('pages/registrat...', Array, true)
#2 C:\laragon\www\bpcindaga\vendor\codeigniter4\framework\system\Common.php(1089): CodeIgniter\View\View->render('registration/ho...', Array, true)
#3 C:\laragon\www\bpcindaga\app\Controllers\Registration.php(9): view('registration/ho...')
#4 C:\laragon\www\bpcindaga\vendor\codeigniter4\framework\system\CodeIgniter.php(832): App\Controllers\Registration->index()
#5 C:\laragon\www\bpcindaga\vendor\codeigniter4\framework\system\CodeIgniter.php(419): CodeIgniter\CodeIgniter->runController(Object(App\Controllers\Registration))
#6 C:\laragon\www\bpcindaga\vendor\codeigniter4\framework\system\CodeIgniter.php(326): CodeIgniter\CodeIgniter->handleRequest(NULL, Object(Config\Cache), false)
#7 C:\laragon\www\bpcindaga\public\index.php(37): CodeIgniter\CodeIgniter->run()
#8 C:\laragon\www\bpcindaga\vendor\codeigniter4\framework\system\Commands\Server\rewrite.php(43): require_once('C:\\laragon\\www\\...')
#9 {main}
ERROR - 2022-04-16 10:42:29 --> Table 'bpcindagadb.users' doesn't exist
CRITICAL - 2022-04-16 11:12:24 --> Call to undefined method App\Models\AntrianModel::getAntrian
#0 C:\laragon\www\bpcindaga\app\Controllers\Registration.php(24): CodeIgniter\Model->__call('getAntrian', Array)
#1 C:\laragon\www\bpcindaga\vendor\codeigniter4\framework\system\CodeIgniter.php(832): App\Controllers\Registration->daftar()
#2 C:\laragon\www\bpcindaga\vendor\codeigniter4\framework\system\CodeIgniter.php(419): CodeIgniter\CodeIgniter->runController(Object(App\Controllers\Registration))
#3 C:\laragon\www\bpcindaga\vendor\codeigniter4\framework\system\CodeIgniter.php(326): CodeIgniter\CodeIgniter->handleRequest(NULL, Object(Config\Cache), false)
#4 C:\laragon\www\bpcindaga\public\index.php(37): CodeIgniter\CodeIgniter->run()
#5 C:\laragon\www\bpcindaga\vendor\codeigniter4\framework\system\Commands\Server\rewrite.php(43): require_once('C:\\laragon\\www\\...')
#6 {main}
CRITICAL - 2022-04-16 11:17:27 --> Call to undefined method App\Models\AntrianModel::getAntrian
#0 C:\laragon\www\bpcindaga\app\Controllers\Antrian.php(18): CodeIgniter\Model->__call('getAntrian', Array)
#1 C:\laragon\www\bpcindaga\vendor\codeigniter4\framework\system\CodeIgniter.php(832): App\Controllers\Antrian->index()
#2 C:\laragon\www\bpcindaga\vendor\codeigniter4\framework\system\CodeIgniter.php(419): CodeIgniter\CodeIgniter->runController(Object(App\Controllers\Antrian))
#3 C:\laragon\www\bpcindaga\vendor\codeigniter4\framework\system\CodeIgniter.php(326): CodeIgniter\CodeIgniter->handleRequest(NULL, Object(Config\Cache), false)
#4 C:\laragon\www\bpcindaga\public\index.php(37): CodeIgniter\CodeIgniter->run()
#5 C:\laragon\www\bpcindaga\vendor\codeigniter4\framework\system\Commands\Server\rewrite.php(43): require_once('C:\\laragon\\www\\...')
#6 {main}
CRITICAL - 2022-04-16 11:21:02 --> Call to undefined method App\Models\AntrianModel::getAntrian
#0 C:\laragon\www\bpcindaga\app\Controllers\Antrian.php(18): CodeIgniter\Model->__call('getAntrian', Array)
#1 C:\laragon\www\bpcindaga\vendor\codeigniter4\framework\system\CodeIgniter.php(832): App\Controllers\Antrian->index()
#2 C:\laragon\www\bpcindaga\vendor\codeigniter4\framework\system\CodeIgniter.php(419): CodeIgniter\CodeIgniter->runController(Object(App\Controllers\Antrian))
#3 C:\laragon\www\bpcindaga\vendor\codeigniter4\framework\system\CodeIgniter.php(326): CodeIgniter\CodeIgniter->handleRequest(NULL, Object(Config\Cache), false)
#4 C:\laragon\www\bpcindaga\public\index.php(37): CodeIgniter\CodeIgniter->run()
#5 C:\laragon\www\bpcindaga\vendor\codeigniter4\framework\system\Commands\Server\rewrite.php(43): require_once('C:\\laragon\\www\\...')
#6 {main}
CRITICAL - 2022-04-16 11:21:34 --> syntax error, unexpected ']', expecting identifier (T_STRING) or variable (T_VARIABLE) or '{' or '$'
#0 C:\laragon\www\bpcindaga\vendor\codeigniter4\framework\system\Router\Router.php(175): CodeIgniter\Router\Router->autoRoute('antrian')
#1 C:\laragon\www\bpcindaga\vendor\codeigniter4\framework\system\CodeIgniter.php(726): CodeIgniter\Router\Router->handle('antrian')
#2 C:\laragon\www\bpcindaga\vendor\codeigniter4\framework\system\CodeIgniter.php(368): CodeIgniter\CodeIgniter->tryToRouteIt(Object(CodeIgniter\Router\RouteCollection))
#3 C:\laragon\www\bpcindaga\vendor\codeigniter4\framework\system\CodeIgniter.php(326): CodeIgniter\CodeIgniter->handleRequest(NULL, Object(Config\Cache), false)
#4 C:\laragon\www\bpcindaga\public\index.php(37): CodeIgniter\CodeIgniter->run()
#5 C:\laragon\www\bpcindaga\vendor\codeigniter4\framework\system\Commands\Server\rewrite.php(43): require_once('C:\\laragon\\www\\...')
#6 {main}
CRITICAL - 2022-04-16 11:22:10 --> Undefined index: no_rekam_medis
#0 C:\laragon\www\bpcindaga\app\Views\registration\antrian.php(62): CodeIgniter\Debug\Exceptions->errorHandler(8, 'Undefined index...', 'C:\\laragon\\www\\...', 62, Array)
#1 C:\laragon\www\bpcindaga\vendor\codeigniter4\framework\system\View\View.php(210): include('C:\\laragon\\www\\...')
#2 C:\laragon\www\bpcindaga\vendor\codeigniter4\framework\system\View\View.php(213): CodeIgniter\View\View->CodeIgniter\View\{closure}()
#3 C:\laragon\www\bpcindaga\vendor\codeigniter4\framework\system\Common.php(1089): CodeIgniter\View\View->render('registration/an...', Array, true)
#4 C:\laragon\www\bpcindaga\app\Controllers\Antrian.php(21): view('registration/an...', Array)
#5 C:\laragon\www\bpcindaga\vendor\codeigniter4\framework\system\CodeIgniter.php(832): App\Controllers\Antrian->index()
#6 C:\laragon\www\bpcindaga\vendor\codeigniter4\framework\system\CodeIgniter.php(419): CodeIgniter\CodeIgniter->runController(Object(App\Controllers\Antrian))
#7 C:\laragon\www\bpcindaga\vendor\codeigniter4\framework\system\CodeIgniter.php(326): CodeIgniter\CodeIgniter->handleRequest(NULL, Object(Config\Cache), false)
#8 C:\laragon\www\bpcindaga\public\index.php(37): CodeIgniter\CodeIgniter->run()
#9 C:\laragon\www\bpcindaga\vendor\codeigniter4\framework\system\Commands\Server\rewrite.php(43): require_once('C:\\laragon\\www\\...')
#10 {main}
CRITICAL - 2022-04-16 11:22:52 --> Undefined index: no_rekam_medis
#0 C:\laragon\www\bpcindaga\app\Views\registration\antrian.php(62): CodeIgniter\Debug\Exceptions->errorHandler(8, 'Undefined index...', 'C:\\laragon\\www\\...', 62, Array)
#1 C:\laragon\www\bpcindaga\vendor\codeigniter4\framework\system\View\View.php(210): include('C:\\laragon\\www\\...')
#2 C:\laragon\www\bpcindaga\vendor\codeigniter4\framework\system\View\View.php(213): CodeIgniter\View\View->CodeIgniter\View\{closure}()
#3 C:\laragon\www\bpcindaga\vendor\codeigniter4\framework\system\Common.php(1089): CodeIgniter\View\View->render('registration/an...', Array, true)
#4 C:\laragon\www\bpcindaga\app\Controllers\Antrian.php(21): view('registration/an...', Array)
#5 C:\laragon\www\bpcindaga\vendor\codeigniter4\framework\system\CodeIgniter.php(832): App\Controllers\Antrian->index()
#6 C:\laragon\www\bpcindaga\vendor\codeigniter4\framework\system\CodeIgniter.php(419): CodeIgniter\CodeIgniter->runController(Object(App\Controllers\Antrian))
#7 C:\laragon\www\bpcindaga\vendor\codeigniter4\framework\system\CodeIgniter.php(326): CodeIgniter\CodeIgniter->handleRequest(NULL, Object(Config\Cache), false)
#8 C:\laragon\www\bpcindaga\public\index.php(37): CodeIgniter\CodeIgniter->run()
#9 C:\laragon\www\bpcindaga\vendor\codeigniter4\framework\system\Commands\Server\rewrite.php(43): require_once('C:\\laragon\\www\\...')
#10 {main}
CRITICAL - 2022-04-16 11:24:18 --> Undefined index: nama_pasien
#0 C:\laragon\www\bpcindaga\app\Views\registration\antrian.php(62): CodeIgniter\Debug\Exceptions->errorHandler(8, 'Undefined index...', 'C:\\laragon\\www\\...', 62, Array)
#1 C:\laragon\www\bpcindaga\vendor\codeigniter4\framework\system\View\View.php(210): include('C:\\laragon\\www\\...')
#2 C:\laragon\www\bpcindaga\vendor\codeigniter4\framework\system\View\View.php(213): CodeIgniter\View\View->CodeIgniter\View\{closure}()
#3 C:\laragon\www\bpcindaga\vendor\codeigniter4\framework\system\Common.php(1089): CodeIgniter\View\View->render('registration/an...', Array, true)
#4 C:\laragon\www\bpcindaga\app\Controllers\Antrian.php(21): view('registration/an...', Array)
#5 C:\laragon\www\bpcindaga\vendor\codeigniter4\framework\system\CodeIgniter.php(832): App\Controllers\Antrian->index()
#6 C:\laragon\www\bpcindaga\vendor\codeigniter4\framework\system\CodeIgniter.php(419): CodeIgniter\CodeIgniter->runController(Object(App\Controllers\Antrian))
#7 C:\laragon\www\bpcindaga\vendor\codeigniter4\framework\system\CodeIgniter.php(326): CodeIgniter\CodeIgniter->handleRequest(NULL, Object(Config\Cache), false)
#8 C:\laragon\www\bpcindaga\public\index.php(37): CodeIgniter\CodeIgniter->run()
#9 C:\laragon\www\bpcindaga\vendor\codeigniter4\framework\system\Commands\Server\rewrite.php(43): require_once('C:\\laragon\\www\\...')
#10 {main}
CRITICAL - 2022-04-16 11:25:57 --> Undefined index: nama_pasien
#0 C:\laragon\www\bpcindaga\app\Views\registration\antrian.php(63): CodeIgniter\Debug\Exceptions->errorHandler(8, 'Undefined index...', 'C:\\laragon\\www\\...', 63, Array)
#1 C:\laragon\www\bpcindaga\vendor\codeigniter4\framework\system\View\View.php(210): include('C:\\laragon\\www\\...')
#2 C:\laragon\www\bpcindaga\vendor\codeigniter4\framework\system\View\View.php(213): CodeIgniter\View\View->CodeIgniter\View\{closure}()
#3 C:\laragon\www\bpcindaga\vendor\codeigniter4\framework\system\Common.php(1089): CodeIgniter\View\View->render('registration/an...', Array, true)
#4 C:\laragon\www\bpcindaga\app\Controllers\Antrian.php(21): view('registration/an...', Array)
#5 C:\laragon\www\bpcindaga\vendor\codeigniter4\framework\system\CodeIgniter.php(832): App\Controllers\Antrian->index()
#6 C:\laragon\www\bpcindaga\vendor\codeigniter4\framework\system\CodeIgniter.php(419): CodeIgniter\CodeIgniter->runController(Object(App\Controllers\Antrian))
#7 C:\laragon\www\bpcindaga\vendor\codeigniter4\framework\system\CodeIgniter.php(326): CodeIgniter\CodeIgniter->handleRequest(NULL, Object(Config\Cache), false)
#8 C:\laragon\www\bpcindaga\public\index.php(37): CodeIgniter\CodeIgniter->run()
#9 C:\laragon\www\bpcindaga\vendor\codeigniter4\framework\system\Commands\Server\rewrite.php(43): require_once('C:\\laragon\\www\\...')
#10 {main}
CRITICAL - 2022-04-16 11:31:08 --> Call to undefined method App\Models\AntrianModel::getAntrian
#0 C:\laragon\www\bpcindaga\app\Controllers\Registration.php(23): CodeIgniter\Model->__call('getAntrian', Array)
#1 C:\laragon\www\bpcindaga\vendor\codeigniter4\framework\system\CodeIgniter.php(832): App\Controllers\Registration->daftar()
#2 C:\laragon\www\bpcindaga\vendor\codeigniter4\framework\system\CodeIgniter.php(419): CodeIgniter\CodeIgniter->runController(Object(App\Controllers\Registration))
#3 C:\laragon\www\bpcindaga\vendor\codeigniter4\framework\system\CodeIgniter.php(326): CodeIgniter\CodeIgniter->handleRequest(NULL, Object(Config\Cache), false)
#4 C:\laragon\www\bpcindaga\public\index.php(37): CodeIgniter\CodeIgniter->run()
#5 C:\laragon\www\bpcindaga\vendor\codeigniter4\framework\system\Commands\Server\rewrite.php(43): require_once('C:\\laragon\\www\\...')
#6 {main}
CRITICAL - 2022-04-16 11:59:43 --> Invalid file: registration/layout/template.php
#0 C:\laragon\www\bpcindaga\vendor\codeigniter4\framework\system\View\View.php(198): CodeIgniter\Exceptions\FrameworkException::forInvalidFile('registration/la...')
#1 C:\laragon\www\bpcindaga\vendor\codeigniter4\framework\system\View\View.php(226): CodeIgniter\View\View->render('registration/la...', Array, true)
#2 C:\laragon\www\bpcindaga\vendor\codeigniter4\framework\system\Common.php(1089): CodeIgniter\View\View->render('registration/ho...', Array, true)
#3 C:\laragon\www\bpcindaga\app\Controllers\Registration.php(17): view('registration/ho...')
#4 C:\laragon\www\bpcindaga\vendor\codeigniter4\framework\system\CodeIgniter.php(832): App\Controllers\Registration->index()
#5 C:\laragon\www\bpcindaga\vendor\codeigniter4\framework\system\CodeIgniter.php(419): CodeIgniter\CodeIgniter->runController(Object(App\Controllers\Registration))
#6 C:\laragon\www\bpcindaga\vendor\codeigniter4\framework\system\CodeIgniter.php(326): CodeIgniter\CodeIgniter->handleRequest(NULL, Object(Config\Cache), false)
#7 C:\laragon\www\bpcindaga\public\index.php(37): CodeIgniter\CodeIgniter->run()
#8 C:\laragon\www\bpcindaga\vendor\codeigniter4\framework\system\Commands\Server\rewrite.php(43): require_once('C:\\laragon\\www\\...')
#9 {main}
CRITICAL - 2022-04-16 12:15:25 --> Undefined variable: registration
#0 C:\laragon\www\bpcindaga\app\Views\registration\antrian.php(63): CodeIgniter\Debug\Exceptions->errorHandler(8, 'Undefined varia...', 'C:\\laragon\\www\\...', 63, Array)
#1 C:\laragon\www\bpcindaga\vendor\codeigniter4\framework\system\View\View.php(210): include('C:\\laragon\\www\\...')
#2 C:\laragon\www\bpcindaga\vendor\codeigniter4\framework\system\View\View.php(213): CodeIgniter\View\View->CodeIgniter\View\{closure}()
#3 C:\laragon\www\bpcindaga\vendor\codeigniter4\framework\system\Common.php(1089): CodeIgniter\View\View->render('registration/an...', Array, true)
#4 C:\laragon\www\bpcindaga\app\Controllers\Registration.php(22): view('registration/an...', Array)
#5 C:\laragon\www\bpcindaga\vendor\codeigniter4\framework\system\CodeIgniter.php(832): App\Controllers\Registration->index()
#6 C:\laragon\www\bpcindaga\vendor\codeigniter4\framework\system\CodeIgniter.php(419): CodeIgniter\CodeIgniter->runController(Object(App\Controllers\Registration))
#7 C:\laragon\www\bpcindaga\vendor\codeigniter4\framework\system\CodeIgniter.php(326): CodeIgniter\CodeIgniter->handleRequest(NULL, Object(Config\Cache), false)
#8 C:\laragon\www\bpcindaga\public\index.php(37): CodeIgniter\CodeIgniter->run()
#9 C:\laragon\www\bpcindaga\vendor\codeigniter4\framework\system\Commands\Server\rewrite.php(43): require_once('C:\\laragon\\www\\...')
#10 {main}
CRITICAL - 2022-04-16 12:15:51 --> Undefined variable: registration
#0 C:\laragon\www\bpcindaga\app\Views\registration\antrian.php(63): CodeIgniter\Debug\Exceptions->errorHandler(8, 'Undefined varia...', 'C:\\laragon\\www\\...', 63, Array)
#1 C:\laragon\www\bpcindaga\vendor\codeigniter4\framework\system\View\View.php(210): include('C:\\laragon\\www\\...')
#2 C:\laragon\www\bpcindaga\vendor\codeigniter4\framework\system\View\View.php(213): CodeIgniter\View\View->CodeIgniter\View\{closure}()
#3 C:\laragon\www\bpcindaga\vendor\codeigniter4\framework\system\Common.php(1089): CodeIgniter\View\View->render('registration/an...', Array, true)
#4 C:\laragon\www\bpcindaga\app\Controllers\Registration.php(22): view('registration/an...', Array)
#5 C:\laragon\www\bpcindaga\vendor\codeigniter4\framework\system\CodeIgniter.php(832): App\Controllers\Registration->index()
#6 C:\laragon\www\bpcindaga\vendor\codeigniter4\framework\system\CodeIgniter.php(419): CodeIgniter\CodeIgniter->runController(Object(App\Controllers\Registration))
#7 C:\laragon\www\bpcindaga\vendor\codeigniter4\framework\system\CodeIgniter.php(326): CodeIgniter\CodeIgniter->handleRequest(NULL, Object(Config\Cache), false)
#8 C:\laragon\www\bpcindaga\public\index.php(37): CodeIgniter\CodeIgniter->run()
#9 C:\laragon\www\bpcindaga\vendor\codeigniter4\framework\system\Commands\Server\rewrite.php(43): require_once('C:\\laragon\\www\\...')
#10 {main}
CRITICAL - 2022-04-16 13:32:02 --> Undefined variable: data
#0 C:\laragon\www\bpcindaga\app\Views\registration\home.php(76): CodeIgniter\Debug\Exceptions->errorHandler(8, 'Undefined varia...', 'C:\\laragon\\www\\...', 76, Array)
#1 C:\laragon\www\bpcindaga\vendor\codeigniter4\framework\system\View\View.php(210): include('C:\\laragon\\www\\...')
#2 C:\laragon\www\bpcindaga\vendor\codeigniter4\framework\system\View\View.php(213): CodeIgniter\View\View->CodeIgniter\View\{closure}()
#3 C:\laragon\www\bpcindaga\vendor\codeigniter4\framework\system\Common.php(1089): CodeIgniter\View\View->render('registration/ho...', Array, true)
#4 C:\laragon\www\bpcindaga\app\Controllers\Registration.php(24): view('registration/ho...', Array)
#5 C:\laragon\www\bpcindaga\vendor\codeigniter4\framework\system\CodeIgniter.php(832): App\Controllers\Registration->index()
#6 C:\laragon\www\bpcindaga\vendor\codeigniter4\framework\system\CodeIgniter.php(419): CodeIgniter\CodeIgniter->runController(Object(App\Controllers\Registration))
#7 C:\laragon\www\bpcindaga\vendor\codeigniter4\framework\system\CodeIgniter.php(326): CodeIgniter\CodeIgniter->handleRequest(NULL, Object(Config\Cache), false)
#8 C:\laragon\www\bpcindaga\public\index.php(37): CodeIgniter\CodeIgniter->run()
#9 C:\laragon\www\bpcindaga\vendor\codeigniter4\framework\system\Commands\Server\rewrite.php(43): require_once('C:\\laragon\\www\\...')
#10 {main}
CRITICAL - 2022-04-16 15:21:07 --> Invalid file: app\Views\Pagers\orang_pagination.php
#0 C:\laragon\www\bpcindaga\vendor\codeigniter4\framework\system\View\View.php(198): CodeIgniter\Exceptions\FrameworkException::forInvalidFile('app\\Views\\Pager...')
#1 C:\laragon\www\bpcindaga\vendor\codeigniter4\framework\system\Pager\Pager.php(125): CodeIgniter\View\View->render('app\\Views\\Pager...')
#2 C:\laragon\www\bpcindaga\vendor\codeigniter4\framework\system\Pager\Pager.php(83): CodeIgniter\Pager\Pager->displayLinks('orang', 'orang_paginatio...')
#3 C:\laragon\www\bpcindaga\app\Views\registration\home.php(76): CodeIgniter\Pager\Pager->links('orang', 'orang_paginatio...')
#4 C:\laragon\www\bpcindaga\vendor\codeigniter4\framework\system\View\View.php(210): include('C:\\laragon\\www\\...')
#5 C:\laragon\www\bpcindaga\vendor\codeigniter4\framework\system\View\View.php(213): CodeIgniter\View\View->CodeIgniter\View\{closure}()
#6 C:\laragon\www\bpcindaga\vendor\codeigniter4\framework\system\Common.php(1089): CodeIgniter\View\View->render('registration/ho...', Array, true)
#7 C:\laragon\www\bpcindaga\app\Controllers\Registration.php(24): view('registration/ho...', Array)
#8 C:\laragon\www\bpcindaga\vendor\codeigniter4\framework\system\CodeIgniter.php(832): App\Controllers\Registration->index()
#9 C:\laragon\www\bpcindaga\vendor\codeigniter4\framework\system\CodeIgniter.php(419): CodeIgniter\CodeIgniter->runController(Object(App\Controllers\Registration))
#10 C:\laragon\www\bpcindaga\vendor\codeigniter4\framework\system\CodeIgniter.php(326): CodeIgniter\CodeIgniter->handleRequest(NULL, Object(Config\Cache), false)
#11 C:\laragon\www\bpcindaga\public\index.php(37): CodeIgniter\CodeIgniter->run()
#12 C:\laragon\www\bpcindaga\vendor\codeigniter4\framework\system\Commands\Server\rewrite.php(43): require_once('C:\\laragon\\www\\...')
#13 {main}
CRITICAL - 2022-04-16 15:23:09 --> Invalid file: app\Views\Pagers\orang_pagination.php
#0 C:\laragon\www\bpcindaga\vendor\codeigniter4\framework\system\View\View.php(198): CodeIgniter\Exceptions\FrameworkException::forInvalidFile('app\\Views\\Pager...')
#1 C:\laragon\www\bpcindaga\vendor\codeigniter4\framework\system\Pager\Pager.php(125): CodeIgniter\View\View->render('app\\Views\\Pager...')
#2 C:\laragon\www\bpcindaga\vendor\codeigniter4\framework\system\Pager\Pager.php(83): CodeIgniter\Pager\Pager->displayLinks('orang', 'orang_paginatio...')
#3 C:\laragon\www\bpcindaga\app\Views\registration\home.php(76): CodeIgniter\Pager\Pager->links('orang', 'orang_paginatio...')
#4 C:\laragon\www\bpcindaga\vendor\codeigniter4\framework\system\View\View.php(210): include('C:\\laragon\\www\\...')
#5 C:\laragon\www\bpcindaga\vendor\codeigniter4\framework\system\View\View.php(213): CodeIgniter\View\View->CodeIgniter\View\{closure}()
#6 C:\laragon\www\bpcindaga\vendor\codeigniter4\framework\system\Common.php(1089): CodeIgniter\View\View->render('registration/ho...', Array, true)
#7 C:\laragon\www\bpcindaga\app\Controllers\Registration.php(24): view('registration/ho...', Array)
#8 C:\laragon\www\bpcindaga\vendor\codeigniter4\framework\system\CodeIgniter.php(832): App\Controllers\Registration->index()
#9 C:\laragon\www\bpcindaga\vendor\codeigniter4\framework\system\CodeIgniter.php(419): CodeIgniter\CodeIgniter->runController(Object(App\Controllers\Registration))
#10 C:\laragon\www\bpcindaga\vendor\codeigniter4\framework\system\CodeIgniter.php(326): CodeIgniter\CodeIgniter->handleRequest(NULL, Object(Config\Cache), false)
#11 C:\laragon\www\bpcindaga\public\index.php(37): CodeIgniter\CodeIgniter->run()
#12 C:\laragon\www\bpcindaga\vendor\codeigniter4\framework\system\Commands\Server\rewrite.php(43): require_once('C:\\laragon\\www\\...')
#13 {main}
CRITICAL - 2022-04-16 15:39:50 --> Undefined property: CodeIgniter\HTTP\IncomingRequest::$getclass
#0 C:\laragon\www\bpcindaga\app\Controllers\Registration.php(18): CodeIgniter\Debug\Exceptions->errorHandler(8, 'Undefined prope...', 'C:\\laragon\\www\\...', 18, Array)
#1 C:\laragon\www\bpcindaga\vendor\codeigniter4\framework\system\CodeIgniter.php(832): App\Controllers\Registration->index()
#2 C:\laragon\www\bpcindaga\vendor\codeigniter4\framework\system\CodeIgniter.php(419): CodeIgniter\CodeIgniter->runController(Object(App\Controllers\Registration))
#3 C:\laragon\www\bpcindaga\vendor\codeigniter4\framework\system\CodeIgniter.php(326): CodeIgniter\CodeIgniter->handleRequest(NULL, Object(Config\Cache), false)
#4 C:\laragon\www\bpcindaga\public\index.php(37): CodeIgniter\CodeIgniter->run()
#5 C:\laragon\www\bpcindaga\vendor\codeigniter4\framework\system\Commands\Server\rewrite.php(43): require_once('C:\\laragon\\www\\...')
#6 {main}
